<?xml version="1.0" encoding="UTF-8"?>
<!-- Generated by org.testng.reporters.JUnitReportReporter -->
<testsuite hostname="LAPTOP-OHJTUH5R" failures="0" tests="2" name="com.ninjademo.qa.TestPages.HomePageTest" time="21.536" errors="0" timestamp="2023-11-16T15:49:16 IST" skipped="0">
  <testcase classname="com.ninjademo.qa.TestPages.HomePageTest" name="clickOnRegisterPage" time="7.435"/>
  <system-out/>
  <testcase classname="com.ninjademo.qa.TestPages.HomePageTest" name="clickOnLogin" time="14.101"/>
  <system-out/>
</testsuite> <!-- com.ninjademo.qa.TestPages.HomePageTest -->
