<?xml version="1.0" encoding="UTF-8"?>
<!-- Generated by org.testng.reporters.JUnitReportReporter -->
<testsuite hostname="LAPTOP-OHJTUH5R" failures="0" tests="2" name="com.ninjademo.qa.TestPages.TestRegisterPage" time="75.073" errors="0" timestamp="2023-11-16T15:49:16 IST" skipped="0">
  <testcase classname="com.ninjademo.qa.TestPages.TestRegisterPage" name="RegisterUser" time="23.769"/>
  <system-out/>
  <testcase classname="com.ninjademo.qa.TestPages.TestRegisterPage" name="RegisterUser" time="51.304"/>
  <system-out/>
</testsuite> <!-- com.ninjademo.qa.TestPages.TestRegisterPage -->
