<?xml version="1.0" encoding="UTF-8"?>
<!-- Generated by org.testng.reporters.JUnitReportReporter -->
<testsuite hostname="LAPTOP-OHJTUH5R" failures="0" tests="2" name="com.ninjademo.qa.TestPages.TestRegisterPage" time="89.508" errors="0" timestamp="2023-11-16T15:41:28 IST" skipped="0">
  <testcase classname="com.ninjademo.qa.TestPages.TestRegisterPage" name="RegisterUser" time="34.137"/>
  <system-out/>
  <testcase classname="com.ninjademo.qa.TestPages.TestRegisterPage" name="RegisterUser" time="55.371"/>
  <system-out/>
</testsuite> <!-- com.ninjademo.qa.TestPages.TestRegisterPage -->
