<?xml version="1.0" encoding="UTF-8"?>
<!-- Generated by org.testng.reporters.JUnitReportReporter -->
<testsuite hostname="LAPTOP-OHJTUH5R" failures="0" tests="1" name="com.app.TestNGScripts.BeforeAfterMethodAnnotation" time="7.171" errors="0" timestamp="2023-11-13T13:34:57 IST" skipped="0">
  <testcase classname="com.app.TestNGScripts.BeforeAfterMethodAnnotation" name="logoutFromApplication" time="7.171"/>
  <system-out/>
</testsuite> <!-- com.app.TestNGScripts.BeforeAfterMethodAnnotation -->
