<?xml version="1.0" encoding="UTF-8"?>
<!-- Generated by org.testng.reporters.JUnitReportReporter -->
<testsuite hostname="LAPTOP-OHJTUH5R" failures="0" tests="7" name="TestScenario.Sample1" time="0.054" errors="0" timestamp="2023-11-14T11:18:41 IST" skipped="0">
  <testcase classname="TestScenario.Sample1" name="openapp" time="0.009"/>
  <system-out/>
  <testcase classname="TestScenario.Sample1" name="openapp" time="0.019"/>
  <system-out/>
  <testcase classname="TestScenario.Sample1" name="loginSample1" time="0.003"/>
  <system-out/>
  <testcase classname="TestScenario.Sample1" name="loginWithInvalidData" time="0.006"/>
  <system-out/>
  <testcase classname="TestScenario.Sample1" name="loginWithInvalidData" time="0.004"/>
  <system-out/>
  <testcase classname="TestScenario.Sample1" name="loginWithWrongPassword" time="0.006"/>
  <system-out/>
  <testcase classname="TestScenario.Sample1" name="loginWithWrongPassword" time="0.007"/>
  <system-out/>
</testsuite> <!-- TestScenario.Sample1 -->
