<?xml version="1.0" encoding="UTF-8"?>
<!-- Generated by org.testng.reporters.JUnitReportReporter -->
<testsuite hostname="LAPTOP-OHJTUH5R" failures="0" tests="1" name="com.app.TestNGScripts.AssertionExample" time="1.268" errors="0" timestamp="2023-11-14T09:43:39 IST" skipped="0">
  <testcase classname="com.app.TestNGScripts.AssertionExample" name="getTitle" time="1.268"/>
  <system-out/>
</testsuite> <!-- com.app.TestNGScripts.AssertionExample -->
