<?xml version="1.0" encoding="UTF-8"?>
<!-- Generated by org.testng.reporters.JUnitReportReporter -->
<testsuite hostname="LAPTOP-OHJTUH5R" failures="0" tests="1" name="com.app.TestNG.extendreports.SetUpCheck" time="2.549" errors="0" timestamp="2023-11-14T13:19:08 IST" skipped="0">
  <testcase classname="com.app.TestNG.extendreports.SetUpCheck" name="extentDemo2" time="2.549"/>
  <system-out/>
</testsuite> <!-- com.app.TestNG.extendreports.SetUpCheck -->
