<?xml version="1.0" encoding="UTF-8"?>
<!-- Generated by org.testng.reporters.JUnitReportReporter -->
<testsuite hostname="LAPTOP-OHJTUH5R" failures="0" tests="4" name="com.app.TestNGScripts.ParallelTestDemo" time="30.316" errors="0" timestamp="2023-11-14T12:08:49 IST" skipped="0">
  <testcase classname="com.app.TestNGScripts.ParallelTestDemo" name="wikiPage1" time="8.870"/>
  <system-out/>
  <testcase classname="com.app.TestNGScripts.ParallelTestDemo" name="ninjaPage1" time="6.327"/>
  <system-out/>
  <testcase classname="com.app.TestNGScripts.ParallelTestDemo" name="ninjaPage2" time="6.226"/>
  <system-out/>
  <testcase classname="com.app.TestNGScripts.ParallelTestDemo" name="wikiPage2" time="8.893"/>
  <system-out/>
</testsuite> <!-- com.app.TestNGScripts.ParallelTestDemo -->
