<?xml version="1.0" encoding="UTF-8"?>
<!-- Generated by org.testng.reporters.JUnitReportReporter -->
<testsuite hostname="LAPTOP-OHJTUH5R" failures="0" tests="9" name="com.app.TestNG.DataDrivenTesting.WikiCreateAccount" time="24.642" errors="0" timestamp="2023-11-17T13:56:07 IST" skipped="0">
  <testcase classname="com.app.TestNG.DataDrivenTesting.WikiCreateAccount" name="CreateAccount" time="2.731"/>
  <system-out/>
  <testcase classname="com.app.TestNG.DataDrivenTesting.WikiCreateAccount" name="CreateAccount" time="3.023"/>
  <system-out/>
  <testcase classname="com.app.TestNG.DataDrivenTesting.WikiCreateAccount" name="CreateAccount" time="2.646"/>
  <system-out/>
  <testcase classname="com.app.TestNG.DataDrivenTesting.WikiCreateAccount" name="CreateAccount" time="2.684"/>
  <system-out/>
  <testcase classname="com.app.TestNG.DataDrivenTesting.WikiCreateAccount" name="CreateAccount" time="2.740"/>
  <system-out/>
  <testcase classname="com.app.TestNG.DataDrivenTesting.WikiCreateAccount" name="CreateAccount" time="2.684"/>
  <system-out/>
  <testcase classname="com.app.TestNG.DataDrivenTesting.WikiCreateAccount" name="CreateAccount" time="2.736"/>
  <system-out/>
  <testcase classname="com.app.TestNG.DataDrivenTesting.WikiCreateAccount" name="CreateAccount" time="2.638"/>
  <system-out/>
  <testcase classname="com.app.TestNG.DataDrivenTesting.WikiCreateAccount" name="CreateAccount" time="2.760"/>
  <system-out/>
</testsuite> <!-- com.app.TestNG.DataDrivenTesting.WikiCreateAccount -->
