<?xml version="1.0" encoding="UTF-8"?>
<!-- Generated by org.testng.reporters.JUnitReportReporter -->
<testsuite hostname="LAPTOP-OHJTUH5R" failures="0" tests="1" name="com.app.TestNGScripts.SoftAssertionExample" time="0.751" errors="0" timestamp="2023-11-14T10:27:13 IST" skipped="0">
  <testcase classname="com.app.TestNGScripts.SoftAssertionExample" name="GetTitle" time="0.751"/>
  <system-out/>
</testsuite> <!-- com.app.TestNGScripts.SoftAssertionExample -->
