<?xml version="1.0" encoding="UTF-8"?>
<!-- Generated by org.testng.reporters.JUnitReportReporter -->
<testsuite hostname="LAPTOP-OHJTUH5R" failures="0" tests="1" name="com.app.SeleniumGridDemo.GridStandalone" time="8.852" errors="0" timestamp="2023-11-18T16:23:22 IST" skipped="0">
  <testcase classname="com.app.SeleniumGridDemo.GridStandalone" name="GridDemo1" time="8.852"/>
  <system-out/>
</testsuite> <!-- com.app.SeleniumGridDemo.GridStandalone -->
