<?xml version="1.0" encoding="UTF-8"?>
<!-- Generated by org.testng.reporters.JUnitReportReporter -->
<testsuite hostname="LAPTOP-OHJTUH5R" failures="0" tests="8" name="TestScenario.Sample2" time="0.028" errors="0" timestamp="2023-11-14T11:18:41 IST" skipped="0">
  <testcase classname="TestScenario.Sample2" name="opentheAccountPage" time="0.003"/>
  <system-out/>
  <testcase classname="TestScenario.Sample2" name="opentheAccountPage" time="0.006"/>
  <system-out/>
  <testcase classname="TestScenario.Sample2" name="login" time="0.003"/>
  <system-out/>
  <testcase classname="TestScenario.Sample2" name="Accounts" time="0.002"/>
  <system-out/>
  <testcase classname="TestScenario.Sample2" name="createAccounts" time="0.004"/>
  <system-out/>
  <testcase classname="TestScenario.Sample2" name="createAccounts" time="0.002"/>
  <system-out/>
  <testcase classname="TestScenario.Sample2" name="Logout" time="0.004"/>
  <system-out/>
  <testcase classname="TestScenario.Sample2" name="Logout" time="0.004"/>
  <system-out/>
</testsuite> <!-- TestScenario.Sample2 -->
