<?xml version="1.0" encoding="UTF-8"?>
<!-- Generated by org.testng.reporters.JUnitReportReporter -->
<testsuite hostname="LAPTOP-OHJTUH5R" failures="0" tests="1" name="com.app.TestNG.extendreports.ExtentReportDemo" time="2.658" errors="0" timestamp="2023-11-14T13:06:14 IST" skipped="0">
  <testcase classname="com.app.TestNG.extendreports.ExtentReportDemo" name="extentDemo2" time="2.658"/>
  <system-out/>
</testsuite> <!-- com.app.TestNG.extendreports.ExtentReportDemo -->
