<?xml version="1.0" encoding="UTF-8"?>
<!-- Generated by org.testng.reporters.JUnitReportReporter -->
<testsuite hostname="LAPTOP-OHJTUH5R" failures="0" tests="1" name="restassuredsimplilearn.in.PostDemo" time="11.653" errors="0" timestamp="2023-12-19T14:52:18 IST" skipped="0">
  <testcase classname="restassuredsimplilearn.in.PostDemo" name="createResource" time="11.653"/>
  <system-out/>
</testsuite> <!-- restassuredsimplilearn.in.PostDemo -->
