<?xml version="1.0" encoding="UTF-8"?>
<!-- Generated by org.testng.reporters.JUnitReportReporter -->
<testsuite hostname="LAPTOP-OHJTUH5R" failures="0" tests="1" name="restassuredscripts.Scripts003PostMethod" time="4.311" errors="0" timestamp="2023-12-15T12:08:29 IST" skipped="0">
  <testcase classname="restassuredscripts.Scripts003PostMethod" name="postMethod" time="4.311"/>
  <system-out/>
</testsuite> <!-- restassuredscripts.Scripts003PostMethod -->
