<?xml version="1.0" encoding="UTF-8"?>
<!-- Generated by org.testng.reporters.JUnitReportReporter -->
<testsuite hostname="LAPTOP-OHJTUH5R" failures="0" tests="1" name="restassuredscripts.Scripts010_LoggingMethods" time="5.146" errors="0" timestamp="2023-12-19T09:31:20 IST" skipped="0">
  <testcase classname="restassuredscripts.Scripts010_LoggingMethods" name="LoggingRestAssured" time="5.146"/>
  <system-out/>
</testsuite> <!-- restassuredscripts.Scripts010_LoggingMethods -->
