<?xml version="1.0" encoding="UTF-8"?>
<!-- Generated by org.testng.reporters.JUnitReportReporter -->
<testsuite hostname="LAPTOP-OHJTUH5R" failures="0" tests="1" name="restassuredsimplilearn.in.PutDemo" time="4.279" errors="0" timestamp="2023-12-19T14:53:36 IST" skipped="0">
  <testcase classname="restassuredsimplilearn.in.PutDemo" name="updateReesource" time="4.279"/>
  <system-out/>
</testsuite> <!-- restassuredsimplilearn.in.PutDemo -->
