<?xml version="1.0" encoding="UTF-8"?>
<!-- Generated by org.testng.reporters.JUnitReportReporter -->
<testsuite hostname="LAPTOP-OHJTUH5R" failures="0" tests="1" name="restassuredscripts.Scripts007HamcrestValidateMethod" time="6.252" errors="0" timestamp="2023-12-18T11:13:43 IST" skipped="0">
  <testcase classname="restassuredscripts.Scripts007HamcrestValidateMethod" name="ValidateResponseBody_hasItems" time="6.252"/>
  <system-out/>
</testsuite> <!-- restassuredscripts.Scripts007HamcrestValidateMethod -->
