<?xml version="1.0" encoding="UTF-8"?>
<!-- Generated by org.testng.reporters.JUnitReportReporter -->
<testsuite hostname="LAPTOP-OHJTUH5R" failures="0" tests="1" name="restassuredscripts.Scripts004PayLoadJSON" time="6.166" errors="0" timestamp="2023-12-15T12:43:16 IST" skipped="0">
  <testcase classname="restassuredscripts.Scripts004PayLoadJSON" name="PostUsingJSON" time="6.166"/>
  <system-out/>
</testsuite> <!-- restassuredscripts.Scripts004PayLoadJSON -->
