<?xml version="1.0" encoding="UTF-8"?>
<!-- Generated by org.testng.reporters.JUnitReportReporter -->
<testsuite hostname="LAPTOP-OHJTUH5R" failures="0" tests="1" name="courseEndProject.Log4j2Demo" time="0.055" errors="0" timestamp="2023-12-19T14:01:14 IST" skipped="0">
  <testcase classname="courseEndProject.Log4j2Demo" name="method1" time="0.055"/>
  <system-out/>
</testsuite> <!-- courseEndProject.Log4j2Demo -->
