<?xml version="1.0" encoding="UTF-8"?>
<!-- Generated by org.testng.reporters.JUnitReportReporter -->
<testsuite hostname="LAPTOP-OHJTUH5R" failures="0" tests="3" name="courseEndProject.Assignment001" time="11.887" errors="0" timestamp="2023-12-19T15:08:05 IST" skipped="0">
  <testcase classname="courseEndProject.Assignment001" name="Assignment001Post" time="6.340"/>
  <system-out/>
  <testcase classname="courseEndProject.Assignment001" name="assignment001Get" time="3.606"/>
  <system-out/>
  <testcase classname="courseEndProject.Assignment001" name="assignment001Delete" time="1.941"/>
  <system-out/>
</testsuite> <!-- courseEndProject.Assignment001 -->
