<?xml version="1.0" encoding="UTF-8"?>
<!-- Generated by org.testng.reporters.JUnitReportReporter -->
<testsuite hostname="LAPTOP-OHJTUH5R" failures="0" tests="1" name="restassuredscripts.Scripts001SetUpCheck" time="4.047" errors="0" timestamp="2023-12-15T10:39:59 IST" skipped="0">
  <testcase classname="restassuredscripts.Scripts001SetUpCheck" name="setupCheck" time="4.047"/>
  <system-out/>
</testsuite> <!-- restassuredscripts.Scripts001SetUpCheck -->
