<?xml version="1.0" encoding="UTF-8"?>
<!-- Generated by org.testng.reporters.JUnitReportReporter -->
<testsuite hostname="LAPTOP-OHJTUH5R" failures="0" tests="1" name="restassuredscripts.Scripts008GithubBarearToken" time="3.439" errors="0" timestamp="2023-12-18T11:35:13 IST" skipped="0">
  <testcase classname="restassuredscripts.Scripts008GithubBarearToken" name="Authorization_bearertoken_specificRepo" time="3.439"/>
  <system-out/>
</testsuite> <!-- restassuredscripts.Scripts008GithubBarearToken -->
