<?xml version="1.0" encoding="UTF-8"?>
<!-- Generated by org.testng.reporters.JUnitReportReporter -->
<testsuite hostname="LAPTOP-OHJTUH5R" failures="0" tests="1" name="restassuredsimplilearn.in.GetDemo" time="3.831" errors="0" timestamp="2023-12-19T14:49:29 IST" skipped="0">
  <testcase classname="restassuredsimplilearn.in.GetDemo" name="getServerResponse" time="3.831"/>
  <system-out/>
</testsuite> <!-- restassuredsimplilearn.in.GetDemo -->
