<?xml version="1.0" encoding="UTF-8"?>
<!-- Generated by org.testng.reporters.JUnitReportReporter -->
<testsuite hostname="LAPTOP-OHJTUH5R" failures="0" tests="2" name="courseEndProject.Assignment002" time="9.728" errors="0" timestamp="2023-12-19T15:09:53 IST" skipped="0">
  <testcase classname="courseEndProject.Assignment002" name="assignment002Post" time="7.852"/>
  <system-out/>
  <testcase classname="courseEndProject.Assignment002" name="assignment002Put" time="1.876"/>
  <system-out/>
</testsuite> <!-- courseEndProject.Assignment002 -->
