<?xml version="1.0" encoding="UTF-8"?>
<!-- Generated by org.testng.reporters.JUnitReportReporter -->
<testsuite hostname="LAPTOP-OHJTUH5R" failures="0" tests="3" name="restassuredscripts.Scripts006PostmanAPIKey" time="8.458" errors="0" timestamp="2023-12-18T09:44:37 IST" skipped="0">
  <testcase classname="restassuredscripts.Scripts006PostmanAPIKey" name="postmanGetMethod" time="4.462"/>
  <system-out/>
  <testcase classname="restassuredscripts.Scripts006PostmanAPIKey" name="extract_value_response" time="2.569"/>
  <system-out/>
  <testcase classname="restassuredscripts.Scripts006PostmanAPIKey" name="extract_response_JSONPath" time="1.427"/>
  <system-out/>
</testsuite> <!-- restassuredscripts.Scripts006PostmanAPIKey -->
