<?xml version="1.0" encoding="UTF-8"?>
<!-- Generated by org.testng.reporters.JUnitReportReporter -->
<testsuite hostname="LAPTOP-OHJTUH5R" failures="0" tests="2" name="restassuredscripts.Scripts009PayPalAuth2" time="5.703" errors="0" timestamp="2023-12-18T12:44:30 IST" skipped="0">
  <testcase classname="restassuredscripts.Scripts009PayPalAuth2" name="GetAccessToken" time="4.604"/>
  <system-out/>
  <testcase classname="restassuredscripts.Scripts009PayPalAuth2" name="paypalTestInvoiceAPI" time="1.099"/>
  <system-out/>
</testsuite> <!-- restassuredscripts.Scripts009PayPalAuth2 -->
