<?xml version="1.0" encoding="UTF-8"?>
<!-- Generated by org.testng.reporters.JUnitReportReporter -->
<testsuite hostname="LAPTOP-OHJTUH5R" failures="0" tests="4" name="restassuredscripts.Scripts002GetMethod" time="4.615" errors="0" timestamp="2023-12-18T17:00:29 IST" skipped="3">
  <testcase classname="restassuredscripts.Scripts002GetMethod" name="GetMethodBDDStyle" time="4.615"/>
  <system-out/>
  <testcase classname="restassuredscripts.Scripts002GetMethod" name="httpGetMethod3">
    <skipped/>
  </testcase> <!-- httpGetMethod3 -->
  <system-out/>
  <testcase classname="restassuredscripts.Scripts002GetMethod" name="httpGetMethod2">
    <skipped/>
  </testcase> <!-- httpGetMethod2 -->
  <system-out/>
  <testcase classname="restassuredscripts.Scripts002GetMethod" name="httpGetMethod">
    <skipped/>
  </testcase> <!-- httpGetMethod -->
  <system-out/>
</testsuite> <!-- restassuredscripts.Scripts002GetMethod -->
