<?xml version="1.0" encoding="UTF-8"?>
<!-- Generated by org.testng.reporters.JUnitReportReporter -->
<testsuite hostname="LAPTOP-OHJTUH5R" failures="0" tests="1" name="restassuredsimplilearn.in.DeleteDemo" time="4.331" errors="0" timestamp="2023-12-19T14:54:50 IST" skipped="0">
  <testcase classname="restassuredsimplilearn.in.DeleteDemo" name="deleteResource" time="4.331"/>
  <system-out/>
</testsuite> <!-- restassuredsimplilearn.in.DeleteDemo -->
