<?xml version="1.0" encoding="UTF-8"?>
<!-- Generated by org.testng.reporters.JUnitReportReporter -->
<testsuite hostname="LAPTOP-OHJTUH5R" failures="0" tests="1" name="restassuredscripts.Scripts005PayLoadXML" time="6.973" errors="0" timestamp="2023-12-15T13:06:35 IST" skipped="0">
  <testcase classname="restassuredscripts.Scripts005PayLoadXML" name="payloadXML" time="6.973"/>
  <system-out/>
</testsuite> <!-- restassuredscripts.Scripts005PayLoadXML -->
