<?xml version="1.0" encoding="UTF-8"?>
<!-- Generated by org.testng.reporters.JUnitReportReporter -->
<testsuite hostname="LAPTOP-OHJTUH5R" failures="0" tests="1" name="courseEndProject.Assignment005_006" time="5.267" errors="0" timestamp="2023-12-19T15:21:08 IST" skipped="0">
  <testcase classname="courseEndProject.Assignment005_006" name="assignment006Logout" time="5.267"/>
  <system-out/>
</testsuite> <!-- courseEndProject.Assignment005_006 -->
